2021-11-03 21:32:46,782 Starting new HTTPS connection (1): api.telegram.org:443
2021-11-03 21:32:47,711 https://api.telegram.org:443 "POST /bot2040623345:AAHDWmlRCfxvYkelAqh2VikLlEHSEMuYSvc/sendMessage?chat_id=497602206&text=Scrappers+launched HTTP/1.1" 200 272
2021-11-03 21:33:07,868 Running job Job(interval=20, unit=seconds, do=processes, args=(), kwargs={})
2021-11-03 21:33:07,947 Starting new HTTPS connection (1): e6hx5erhc6.execute-api.ap-southeast-1.amazonaws.com:443
2021-11-03 21:33:08,128 https://e6hx5erhc6.execute-api.ap-southeast-1.amazonaws.com:443 "POST /Fintech/fintech_data_pipe HTTP/1.1" 200 40
2021-11-03 21:33:08,152 performing request https://stream-fxpractice.oanda.com/v3/accounts/101-003-9162148-001/pricing/stream
2021-11-03 21:33:08,158 Starting new HTTPS connection (1): stream-fxpractice.oanda.com:443
2021-11-03 21:33:09,293 https://stream-fxpractice.oanda.com:443 "GET /v3/accounts/101-003-9162148-001/pricing/stream?instruments=XAU_JPY HTTP/1.1" 200 None
2021-11-03 21:33:14,370 performing request https://stream-fxpractice.oanda.com/v3/accounts/101-003-9162148-001/pricing/stream
2021-11-03 21:33:14,371 Starting new HTTPS connection (2): stream-fxpractice.oanda.com:443
2021-11-03 21:33:15,345 https://stream-fxpractice.oanda.com:443 "GET /v3/accounts/101-003-9162148-001/pricing/stream?instruments=BCO_GBP HTTP/1.1" 200 None
2021-11-03 21:33:20,433 Starting new HTTPS connection (1): e6hx5erhc6.execute-api.ap-southeast-1.amazonaws.com:443
2021-11-03 21:33:20,731 https://e6hx5erhc6.execute-api.ap-southeast-1.amazonaws.com:443 "POST /Fintech/fintech_data_pipe HTTP/1.1" 200 40
2021-11-03 21:33:20,738 performing request https://api-fxpractice.oanda.com/v3/accounts/101-003-9162148-001/pricing
2021-11-03 21:33:20,744 Starting new HTTPS connection (1): api-fxpractice.oanda.com:443
2021-11-03 21:33:21,131 https://api-fxpractice.oanda.com:443 "GET /v3/accounts/101-003-9162148-001/pricing?instruments=GBP_JPY%2CAUD_USD%2CNZD_USD HTTP/1.1" 200 387
2021-11-03 21:33:21,774 Starting new HTTPS connection (1): e6hx5erhc6.execute-api.ap-southeast-1.amazonaws.com:443
2021-11-03 21:33:21,994 https://e6hx5erhc6.execute-api.ap-southeast-1.amazonaws.com:443 "POST /Fintech/fintech_data_pipe HTTP/1.1" 200 1149
2021-11-03 21:33:22,000 Starting new HTTPS connection (1): www.treasury.gov:443
2021-11-03 21:33:22,954 https://www.treasury.gov:443 "GET /resource-center/data-chart-center/interest-rates/Pages/TextView.aspx?data=realyield HTTP/1.1" 200 52938
2021-11-03 21:33:23,270 Starting new HTTPS connection (1): e6hx5erhc6.execute-api.ap-southeast-1.amazonaws.com:443
2021-11-03 21:33:23,952 https://e6hx5erhc6.execute-api.ap-southeast-1.amazonaws.com:443 "POST /Fintech/fintech_data_pipe HTTP/1.1" 200 40
2021-11-03 21:33:23,962 Starting new HTTPS connection (1): e6hx5erhc6.execute-api.ap-southeast-1.amazonaws.com:443
2021-11-03 21:33:29,099 https://e6hx5erhc6.execute-api.ap-southeast-1.amazonaws.com:443 "POST /Fintech/dtl HTTP/1.1" 200 4
2021-11-03 21:33:49,244 Running job Job(interval=20, unit=seconds, do=processes, args=(), kwargs={})
2021-11-03 21:33:49,324 Starting new HTTPS connection (1): e6hx5erhc6.execute-api.ap-southeast-1.amazonaws.com:443
2021-11-03 21:33:49,534 https://e6hx5erhc6.execute-api.ap-southeast-1.amazonaws.com:443 "POST /Fintech/fintech_data_pipe HTTP/1.1" 200 40
2021-11-03 21:33:49,557 performing request https://stream-fxpractice.oanda.com/v3/accounts/101-003-9162148-001/pricing/stream
2021-11-03 21:33:49,563 Resetting dropped connection: stream-fxpractice.oanda.com
2021-11-03 21:33:50,562 https://stream-fxpractice.oanda.com:443 "GET /v3/accounts/101-003-9162148-001/pricing/stream?instruments=XAU_JPY HTTP/1.1" 200 None
2021-11-03 21:33:55,626 performing request https://stream-fxpractice.oanda.com/v3/accounts/101-003-9162148-001/pricing/stream
2021-11-03 21:33:55,632 Resetting dropped connection: stream-fxpractice.oanda.com
2021-11-03 21:33:56,617 https://stream-fxpractice.oanda.com:443 "GET /v3/accounts/101-003-9162148-001/pricing/stream?instruments=BCO_GBP HTTP/1.1" 200 None
2021-11-03 21:34:01,660 Starting new HTTPS connection (1): e6hx5erhc6.execute-api.ap-southeast-1.amazonaws.com:443
2021-11-03 21:34:01,951 https://e6hx5erhc6.execute-api.ap-southeast-1.amazonaws.com:443 "POST /Fintech/fintech_data_pipe HTTP/1.1" 200 40
2021-11-03 21:34:01,959 performing request https://api-fxpractice.oanda.com/v3/accounts/101-003-9162148-001/pricing
2021-11-03 21:34:02,241 https://api-fxpractice.oanda.com:443 "GET /v3/accounts/101-003-9162148-001/pricing?instruments=GBP_JPY%2CAUD_USD%2CNZD_USD HTTP/1.1" 200 393
2021-11-03 21:34:02,499 Starting new HTTPS connection (1): e6hx5erhc6.execute-api.ap-southeast-1.amazonaws.com:443
2021-11-03 21:34:02,771 https://e6hx5erhc6.execute-api.ap-southeast-1.amazonaws.com:443 "POST /Fintech/fintech_data_pipe HTTP/1.1" 200 1149
2021-11-03 21:34:02,779 Starting new HTTPS connection (1): www.treasury.gov:443
2021-11-03 21:34:02,892 https://www.treasury.gov:443 "GET /resource-center/data-chart-center/interest-rates/Pages/TextView.aspx?data=realyield HTTP/1.1" 200 52938
2021-11-03 21:34:02,952 Starting new HTTPS connection (1): e6hx5erhc6.execute-api.ap-southeast-1.amazonaws.com:443
2021-11-03 21:34:03,292 https://e6hx5erhc6.execute-api.ap-southeast-1.amazonaws.com:443 "POST /Fintech/fintech_data_pipe HTTP/1.1" 200 40
2021-11-03 21:34:03,303 Starting new HTTPS connection (1): e6hx5erhc6.execute-api.ap-southeast-1.amazonaws.com:443
2021-11-03 21:34:08,437 https://e6hx5erhc6.execute-api.ap-southeast-1.amazonaws.com:443 "POST /Fintech/dtl HTTP/1.1" 200 4
